# JRE version: Java(TM) SE Runtime Environment (8.0_91-b14) (build 1.8.0_91-b14)
# Java VM: Java HotSpot(TM) 64-Bit Server VM (25.91-b14 mixed mode bsd-amd64 compressed oops)
Heap:
 PSYoungGen      total 115712K, used 44354K [0x0000000795580000, 0x00000007a0b00000, 0x00000007c0000000)
  eden space 103424K, 42% used [0x0000000795580000,0x00000007980d0a18,0x000000079ba80000)
  from space 12288K, 0% used [0x000000079ba80000,0x000000079ba80000,0x000000079c680000)
  to   space 14336K, 0% used [0x000000079fd00000,0x000000079fd00000,0x00000007a0b00000)
 ParOldGen       total 87552K, used 18882K [0x0000000740000000, 0x0000000745580000, 0x0000000795580000)
  object space 87552K, 21% used [0x0000000740000000,0x00000007412709d0,0x0000000745580000)
 Metaspace       used 36336K, capacity 38208K, committed 38400K, reserved 1083392K
  class space    used 4941K, capacity 5284K, committed 5376K, reserved 1048576K
GC Heap History (10 events):
Event: 1.138 GC heap before
{Heap before GC invocations=5 (full 1):
 PSYoungGen      total 71680K, used 5101K [0x0000000795580000, 0x000000079a080000, 0x00000007c0000000)
  eden space 66560K, 0% used [0x0000000795580000,0x0000000795580000,0x0000000799680000)
  from space 5120K, 99% used [0x0000000799b80000,0x000000079a07b688,0x000000079a080000)
  to   space 5120K, 0% used [0x0000000799680000,0x0000000799680000,0x0000000799b80000)
 ParOldGen       total 87552K, used 4839K [0x0000000740000000, 0x0000000745580000, 0x0000000795580000)
  object space 87552K, 5% used [0x0000000740000000,0x00000007404b9dd8,0x0000000745580000)
 Metaspace       used 20705K, capacity 21262K, committed 21296K, reserved 1067008K
  class space    used 2749K, capacity 2913K, committed 2944K, reserved 1048576K
Event: 1.167 GC heap after
Heap after GC invocations=5 (full 1):
 PSYoungGen      total 71680K, used 0K [0x0000000795580000, 0x000000079a080000, 0x00000007c0000000)
  eden space 66560K, 0% used [0x0000000795580000,0x0000000795580000,0x0000000799680000)
  from space 5120K, 0% used [0x0000000799b80000,0x0000000799b80000,0x000000079a080000)
  to   space 5120K, 0% used [0x0000000799680000,0x0000000799680000,0x0000000799b80000)
 ParOldGen       total 54272K, used 5523K [0x0000000740000000, 0x0000000743500000, 0x0000000795580000)
  object space 54272K, 10% used [0x0000000740000000,0x0000000740564f20,0x0000000743500000)
 Metaspace       used 20703K, capacity 21256K, committed 21296K, reserved 1067008K
  class space    used 2748K, capacity 2912K, committed 2944K, reserved 1048576K
}
Event: 1.695 GC heap before
{Heap before GC invocations=6 (full 1):
 PSYoungGen      total 71680K, used 66560K [0x0000000795580000, 0x000000079a080000, 0x00000007c0000000)
  eden space 66560K, 100% used [0x0000000795580000,0x0000000799680000,0x0000000799680000)
  from space 5120K, 0% used [0x0000000799b80000,0x0000000799b80000,0x000000079a080000)
  to   space 5120K, 0% used [0x0000000799680000,0x0000000799680000,0x0000000799b80000)
 ParOldGen       total 54272K, used 5523K [0x0000000740000000, 0x0000000743500000, 0x0000000795580000)
  object space 54272K, 10% used [0x0000000740000000,0x0000000740564f20,0x0000000743500000)
 Metaspace       used 23829K, capacity 24654K, committed 24704K, reserved 1071104K
  class space    used 3201K, capacity 3412K, committed 3456K, reserved 1048576K
Event: 1.703 GC heap after
Heap after GC invocations=6 (full 1):
 PSYoungGen      total 71680K, used 5089K [0x0000000795580000, 0x000000079ce80000, 0x00000007c0000000)
  eden space 66560K, 0% used [0x0000000795580000,0x0000000795580000,0x0000000799680000)
  from space 5120K, 99% used [0x0000000799680000,0x0000000799b78628,0x0000000799b80000)
  to   space 8192K, 0% used [0x000000079c680000,0x000000079c680000,0x000000079ce80000)
 ParOldGen       total 54272K, used 6874K [0x0000000740000000, 0x0000000743500000, 0x0000000795580000)
  object space 54272K, 12% used [0x0000000740000000,0x00000007406b68b8,0x0000000743500000)
 Metaspace       used 23829K, capacity 24654K, committed 24704K, reserved 1071104K
  class space    used 3201K, capacity 3412K, committed 3456K, reserved 1048576K
}
Event: 2.341 GC heap before
{Heap before GC invocations=7 (full 1):
 PSYoungGen      total 71680K, used 71649K [0x0000000795580000, 0x000000079ce80000, 0x00000007c0000000)
  eden space 66560K, 100% used [0x0000000795580000,0x0000000799680000,0x0000000799680000)
  from space 5120K, 99% used [0x0000000799680000,0x0000000799b78628,0x0000000799b80000)
  to   space 8192K, 0% used [0x000000079c680000,0x000000079c680000,0x000000079ce80000)
 ParOldGen       total 54272K, used 6874K [0x0000000740000000, 0x0000000743500000, 0x0000000795580000)
  object space 54272K, 12% used [0x0000000740000000,0x00000007406b68b8,0x0000000743500000)
 Metaspace       used 29250K, capacity 30636K, committed 30976K, reserved 1075200K
  class space    used 3945K, capacity 4237K, committed 4352K, reserved 1048576K
Event: 2.356 GC heap after
Heap after GC invocations=7 (full 1):
 PSYoungGen      total 111616K, used 8176K [0x0000000795580000, 0x000000079d480000, 0x00000007c0000000)
  eden space 103424K, 0% used [0x0000000795580000,0x0000000795580000,0x000000079ba80000)
  from space 8192K, 99% used [0x000000079c680000,0x000000079ce7c090,0x000000079ce80000)
  to   space 12288K, 0% used [0x000000079ba80000,0x000000079ba80000,0x000000079c680000)
 ParOldGen       total 54272K, used 12293K [0x0000000740000000, 0x0000000743500000, 0x0000000795580000)
  object space 54272K, 22% used [0x0000000740000000,0x0000000740c01648,0x0000000743500000)
 Metaspace       used 29250K, capacity 30636K, committed 30976K, reserved 1075200K
  class space    used 3945K, capacity 4237K, committed 4352K, reserved 1048576K
}
Event: 7.533 GC heap before
{Heap before GC invocations=8 (full 1):
 PSYoungGen      total 111616K, used 78325K [0x0000000795580000, 0x000000079d480000, 0x00000007c0000000)
  eden space 103424K, 67% used [0x0000000795580000,0x0000000799a01668,0x000000079ba80000)
  from space 8192K, 99% used [0x000000079c680000,0x000000079ce7c090,0x000000079ce80000)
  to   space 12288K, 0% used [0x000000079ba80000,0x000000079ba80000,0x000000079c680000)
 ParOldGen       total 54272K, used 12293K [0x0000000740000000, 0x0000000743500000, 0x0000000795580000)
  object space 54272K, 22% used [0x0000000740000000,0x0000000740c01648,0x0000000743500000)
 Metaspace       used 33565K, capacity 35386K, committed 35456K, reserved 1079296K
  class space    used 4573K, capacity 4923K, committed 4992K, reserved 1048576K
Event: 7.551 GC heap after
Heap after GC invocations=8 (full 1):
 PSYoungGen      total 115712K, used 12261K [0x0000000795580000, 0x00000007a0b00000, 0x00000007c0000000)
  eden space 103424K, 0% used [0x0000000795580000,0x0000000795580000,0x000000079ba80000)
  from space 12288K, 99% used [0x000000079ba80000,0x000000079c679638,0x000000079c680000)
  to   space 14336K, 0% used [0x000000079fd00000,0x000000079fd00000,0x00000007a0b00000)
 ParOldGen       total 54272K, used 13484K [0x0000000740000000, 0x0000000743500000, 0x0000000795580000)
  object space 54272K, 24% used [0x0000000740000000,0x0000000740d2b2e0,0x0000000743500000)
 Metaspace       used 33565K, capacity 35386K, committed 35456K, reserved 1079296K
  class space    used 4573K, capacity 4923K, committed 4992K, reserved 1048576K
}
Event: 7.551 GC heap before
{Heap before GC invocations=9 (full 2):
 PSYoungGen      total 115712K, used 12261K [0x0000000795580000, 0x00000007a0b00000, 0x00000007c0000000)
  eden space 103424K, 0% used [0x0000000795580000,0x0000000795580000,0x000000079ba80000)
  from space 12288K, 99% used [0x000000079ba80000,0x000000079c679638,0x000000079c680000)
  to   space 14336K, 0% used [0x000000079fd00000,0x000000079fd00000,0x00000007a0b00000)
 ParOldGen       total 54272K, used 13484K [0x0000000740000000, 0x0000000743500000, 0x0000000795580000)
  object space 54272K, 24% used [0x0000000740000000,0x0000000740d2b2e0,0x0000000743500000)
 Metaspace       used 33565K, capacity 35386K, committed 35456K, reserved 1079296K
  class space    used 4573K, capacity 4923K, committed 4992K, reserved 1048576K
Event: 7.627 GC heap after
Heap after GC invocations=9 (full 2):
 PSYoungGen      total 115712K, used 0K [0x0000000795580000, 0x00000007a0b00000, 0x00000007c0000000)
  eden space 103424K, 0% used [0x0000000795580000,0x0000000795580000,0x000000079ba80000)
  from space 12288K, 0% used [0x000000079ba80000,0x000000079ba80000,0x000000079c680000)
  to   space 14336K, 0% used [0x000000079fd00000,0x000000079fd00000,0x00000007a0b00000)
 ParOldGen       total 87552K, used 18882K [0x0000000740000000, 0x0000000745580000, 0x0000000795580000)
  object space 87552K, 21% used [0x0000000740000000,0x00000007412709d0,0x0000000745580000)
 Metaspace       used 33561K, capacity 35380K, committed 35456K, reserved 1079296K
  class space    used 4573K, capacity 4922K, committed 4992K, reserved 1048576K
}

